0 info it worked if it ends with ok
1 verbose cli [ '/home/sergey/dist/node/bin/node',
1 verbose cli   '/home/sergey/bin/npm',
1 verbose cli   'run',
1 verbose cli   'meteor' ]
2 info using npm@4.1.2
3 info using node@v7.6.0
4 verbose run-script [ 'premeteor', 'meteor', 'postmeteor' ]
5 info lifecycle indaberlin@~premeteor: indaberlin@
6 silly lifecycle indaberlin@~premeteor: no script for premeteor, continuing
7 info lifecycle indaberlin@~meteor: indaberlin@
8 verbose lifecycle indaberlin@~meteor: unsafe-perm in lifecycle true
9 verbose lifecycle indaberlin@~meteor: PATH: /home/sergey/dist/node/lib/node_modules/npm/bin/node-gyp-bin:/home/sites/indaberlin/node_modules/.bin:/home/sergey/bin:/home/sergey/bin:/home/sergey/.local/bin:/usr/local/sbin:/usr/local/bin:/usr/sbin:/usr/bin:/sbin:/bin:/usr/games:/usr/local/games:/snap/bin:/usr/lib/jvm/java-8-oracle/bin:/usr/lib/jvm/java-8-oracle/db/bin:/usr/lib/jvm/java-8-oracle/jre/bin
10 verbose lifecycle indaberlin@~meteor: CWD: /home/sites/indaberlin
11 silly lifecycle indaberlin@~meteor: Args: [ '-c',
11 silly lifecycle   'MONGO_URL=mongodb://localhost:27017/indaberlin meteor' ]
12 silly lifecycle indaberlin@~meteor: Returned: code: 1  signal: null
13 info lifecycle indaberlin@~meteor: Failed to exec meteor script
14 verbose stack Error: indaberlin@ meteor: `MONGO_URL=mongodb://localhost:27017/indaberlin meteor`
14 verbose stack Exit status 1
14 verbose stack     at EventEmitter.<anonymous> (/home/sergey/dist/node/lib/node_modules/npm/lib/utils/lifecycle.js:279:16)
14 verbose stack     at emitTwo (events.js:106:13)
14 verbose stack     at EventEmitter.emit (events.js:192:7)
14 verbose stack     at ChildProcess.<anonymous> (/home/sergey/dist/node/lib/node_modules/npm/lib/utils/spawn.js:40:14)
14 verbose stack     at emitTwo (events.js:106:13)
14 verbose stack     at ChildProcess.emit (events.js:192:7)
14 verbose stack     at maybeClose (internal/child_process.js:890:16)
14 verbose stack     at Process.ChildProcess._handle.onexit (internal/child_process.js:226:5)
15 verbose pkgid indaberlin@
16 verbose cwd /home/sites/indaberlin
17 error Linux 4.4.0-72-generic
18 error argv "/home/sergey/dist/node/bin/node" "/home/sergey/bin/npm" "run" "meteor"
19 error node v7.6.0
20 error npm  v4.1.2
21 error code ELIFECYCLE
22 error indaberlin@ meteor: `MONGO_URL=mongodb://localhost:27017/indaberlin meteor`
22 error Exit status 1
23 error Failed at the indaberlin@ meteor script 'MONGO_URL=mongodb://localhost:27017/indaberlin meteor'.
23 error Make sure you have the latest version of node.js and npm installed.
23 error If you do, this is most likely a problem with the indaberlin package,
23 error not with npm itself.
23 error Tell the author that this fails on your system:
23 error     MONGO_URL=mongodb://localhost:27017/indaberlin meteor
23 error You can get information on how to open an issue for this project with:
23 error     npm bugs indaberlin
23 error Or if that isn't available, you can get their info via:
23 error     npm owner ls indaberlin
23 error There is likely additional logging output above.
24 verbose exit [ 1, true ]
